<?xml version="1.0" encoding="utf-8"?><testsuites><testsuite name="pytest" errors="0" failures="0" skipped="0" tests="16" time="60.621" timestamp="2024-03-16T18:10:47.554036" hostname="LAPTOP-IIVG2696"><testcase classname="test.test_add_contact" name="test_add_contact[None:Andrew1;test1;street1;123;456;789;test1@mail.ru;test2@mail.ru;test3@mail.ru]" time="19.399" /><testcase classname="test.test_add_contact" name="test_add_contact[None:Andrew2;test2;street2;321;654;987;test11@mail.ru;test22@mail.ru;test3@mail.ru]" time="3.131" /><testcase classname="test.test_add_contact_to_group" name="test_add_contact_to_group" time="4.080" /><testcase classname="test.test_add_group" name="test_add_group[None:nameA M~ jC&amp;;headerecy Bs;footerj^]" time="1.910" /><testcase classname="test.test_add_group" name="test_add_group[None:nameZvrJv5%;header#LnJb-F#0;footer&quot;o6:]" time="1.905" /><testcase classname="test.test_add_group" name="test_add_group[None:name&gt;n&gt;rVq 3;header&quot;;footer9VPFac[$JB2bw]" time="1.959" /><testcase classname="test.test_add_group" name="test_add_group[None:name wNz*v;headerI-;footer1)D&amp; ]" time="1.988" /><testcase classname="test.test_add_group" name="test_add_group[None:nameBgrR0`;headerE2B)u5N,x;footerb(*F1-OotZsPXTL zG]" time="1.959" /><testcase classname="test.test_db_matches_ui" name="test_group_list" time="8.020" /><testcase classname="test.test_delete_contact" name="test_delete_some_contact" time="0.619" /><testcase classname="test.test_delete_contact_from_group" name="test_delete_contact_from_group" time="9.182" /><testcase classname="test.test_delete_group" name="test_delete_some_group" time="0.680" /><testcase classname="test.test_modify_group" name="test_modify_some_group" time="1.160" /><testcase classname="test.test_phones_and_mails" name="test_all_contacts_info" time="0.774" /><testcase classname="test.test_phones_and_mails" name="test_contact_info_from_home_page_vs_db" time="0.095" /><testcase classname="test.test_update_contact" name="test_update_some_contact" time="3.663" /></testsuite></testsuites>